<?xml version="1.0" encoding="UTF-8"?>
<!-- Generated by org.testng.reporters.JUnitReportReporter -->
<testsuite hostname="INLEN8520043187" failures="0" tests="1" name="com.cg.PdfClass" time="16.611" errors="0" timestamp="2022-06-16T17:29:40 IST" skipped="0">
  <testcase classname="com.cg.PdfClass" name="ReadFile" time="16.611"/>
  <system-out/>
</testsuite> <!-- com.cg.PdfClass -->
